<?xml version="1.0" encoding="UTF-8"?>
<robot generator="Robot 7.3.2 (Python 3.13.2 on win32)" generated="2025-10-21T21:35:20.327401" rpa="false" schemaversion="5">
<suite id="s1" name="Tests" source="C:\Users\user\PycharmProjects\Assignment2_testing_Eltore\Tests">
<suite id="s1-s1" name="Ads Testing" source="C:\Users\user\PycharmProjects\Assignment2_testing_Eltore\Tests\Ads_Testing.robot">
<test id="s1-s1-t1" name="Ads Modal -&gt; open and close" line="8">
<kw name="Open Browser" owner="SeleniumLibrary">
<msg time="2025-10-21T21:35:20.646078" level="WARN">exexcutable_path is being deprecated. Please use service to configure the driver's executable_path as per documentation.</msg>
<msg time="2025-10-21T21:35:20.646358" level="INFO">Opening browser 'Chrome' to base url 'https://practice-automation.com/'.</msg>
<arg>${BASE URL}</arg>
<arg>Chrome</arg>
<arg>executable_path=${CHROMEDRIVER}</arg>
<doc>Opens a new browser instance to the optional ``url``.</doc>
<status status="PASS" start="2025-10-21T21:35:20.645652" elapsed="3.828365"/>
</kw>
<kw name="Maximize Browser Window" owner="SeleniumLibrary">
<doc>Maximizes current browser window.</doc>
<status status="PASS" start="2025-10-21T21:35:24.474475" elapsed="0.027149"/>
</kw>
<kw name="Wait Until Element Is Visible" owner="SeleniumLibrary">
<arg>xpath=//a[@href='https://practice-automation.com/ads/']</arg>
<arg>10s</arg>
<doc>Waits until the element ``locator`` is visible.</doc>
<status status="PASS" start="2025-10-21T21:35:24.502355" elapsed="0.037110"/>
</kw>
<kw name="Scroll Element Into View" owner="SeleniumLibrary">
<arg>xpath=//a[@href='https://practice-automation.com/ads/']</arg>
<doc>Scrolls the element identified by ``locator`` into view.</doc>
<status status="PASS" start="2025-10-21T21:35:24.539835" elapsed="0.283533"/>
</kw>
<kw name="Sleep" owner="BuiltIn">
<msg time="2025-10-21T21:35:25.825069" level="INFO">Slept 1 second.</msg>
<arg>1s</arg>
<doc>Pauses the test executed for the given time.</doc>
<status status="PASS" start="2025-10-21T21:35:24.823782" elapsed="1.001452"/>
</kw>
<kw name="Click Element" owner="SeleniumLibrary">
<msg time="2025-10-21T21:35:25.825983" level="INFO">Clicking element 'xpath=//a[@href='https://practice-automation.com/ads/']'.</msg>
<arg>xpath=//a[@href='https://practice-automation.com/ads/']</arg>
<doc>Click the element identified by ``locator``.</doc>
<status status="PASS" start="2025-10-21T21:35:25.825668" elapsed="0.426992"/>
</kw>
<kw name="Close Ad Popup">
<kw name="Wait Until Page Contains Element" owner="SeleniumLibrary">
<arg>xpath=/html/body/div[5]/div/button</arg>
<arg>7s</arg>
<doc>Waits until the element ``locator`` appears on the current page.</doc>
<status status="PASS" start="2025-10-21T21:35:26.253593" elapsed="0.013128"/>
</kw>
<kw name="Sleep" owner="BuiltIn">
<msg time="2025-10-21T21:35:33.267466" level="INFO">Slept 7 seconds.</msg>
<arg>7s</arg>
<doc>Pauses the test executed for the given time.</doc>
<status status="PASS" start="2025-10-21T21:35:26.266948" elapsed="7.000727"/>
</kw>
<kw name="Execute Javascript" owner="SeleniumLibrary">
<msg time="2025-10-21T21:35:33.268618" level="INFO">Executing JavaScript:
document.evaluate("/html/body/div[5]/div/button", document, null, XPathResult.FIRST_ORDERED_NODE_TYPE, null).singleNodeValue.click()
Without any arguments.</msg>
<arg>document.evaluate("/html/body/div[5]/div/button", document, null, XPathResult.FIRST_ORDERED_NODE_TYPE, null).singleNodeValue.click()</arg>
<doc>Executes the given JavaScript code with possible arguments.</doc>
<status status="PASS" start="2025-10-21T21:35:33.267976" elapsed="0.015568"/>
</kw>
<kw name="Sleep" owner="BuiltIn">
<msg time="2025-10-21T21:35:35.285135" level="INFO">Slept 2 seconds.</msg>
<arg>2s</arg>
<doc>Pauses the test executed for the given time.</doc>
<status status="PASS" start="2025-10-21T21:35:33.283827" elapsed="2.001504"/>
</kw>
<kw name="Wait Until Element Does Not Contain" owner="SeleniumLibrary">
<arg>css=html</arg>
<arg>popmake-active</arg>
<arg>1s</arg>
<doc>Waits until the element ``locator`` does not contain ``text``.</doc>
<status status="PASS" start="2025-10-21T21:35:35.285583" elapsed="0.041127"/>
</kw>
<status status="PASS" start="2025-10-21T21:35:26.253180" elapsed="9.073742"/>
</kw>
<kw name="Close Browser" owner="SeleniumLibrary" type="TEARDOWN">
<doc>Closes the current browser.</doc>
<status status="PASS" start="2025-10-21T21:35:35.327431" elapsed="2.179155"/>
</kw>
<doc>Open main page, go to Ads section, wait for popup, close it, and verify it disappears.</doc>
<status status="PASS" start="2025-10-21T21:35:20.644338" elapsed="16.862724"/>
</test>
<status status="PASS" start="2025-10-21T21:35:20.365220" elapsed="17.142956"/>
</suite>
<suite id="s1-s2" name="Click Testing" source="C:\Users\user\PycharmProjects\Assignment2_testing_Eltore\Tests\Click_Testing.robot">
<test id="s1-s2-t1" name="Click Events -&gt; Verify Animal Sounds" line="10">
<kw name="Open Browser" owner="SeleniumLibrary">
<msg time="2025-10-21T21:35:37.515210" level="WARN">exexcutable_path is being deprecated. Please use service to configure the driver's executable_path as per documentation.</msg>
<msg time="2025-10-21T21:35:37.515637" level="INFO">Opening browser 'Chrome' to base url 'https://practice-automation.com/'.</msg>
<arg>${BASE URL}</arg>
<arg>Chrome</arg>
<arg>executable_path=${CHROMEDRIVER}</arg>
<doc>Opens a new browser instance to the optional ``url``.</doc>
<status status="PASS" start="2025-10-21T21:35:37.514774" elapsed="3.292344"/>
</kw>
<kw name="Maximize Browser Window" owner="SeleniumLibrary">
<doc>Maximizes current browser window.</doc>
<status status="PASS" start="2025-10-21T21:35:40.807669" elapsed="0.039521"/>
</kw>
<kw name="Sleep" owner="BuiltIn">
<msg time="2025-10-21T21:35:41.848961" level="INFO">Slept 1 second.</msg>
<arg>1s</arg>
<doc>Pauses the test executed for the given time.</doc>
<status status="PASS" start="2025-10-21T21:35:40.847758" elapsed="1.001378"/>
</kw>
<kw name="Wait Until Element Is Visible" owner="SeleniumLibrary">
<arg>xpath=//a[contains(text(),'Click Events')]</arg>
<arg>10s</arg>
<doc>Waits until the element ``locator`` is visible.</doc>
<status status="PASS" start="2025-10-21T21:35:41.849557" elapsed="0.037166"/>
</kw>
<kw name="Scroll Element Into View" owner="SeleniumLibrary">
<arg>xpath=//a[contains(text(),'Click Events')]</arg>
<doc>Scrolls the element identified by ``locator`` into view.</doc>
<status status="PASS" start="2025-10-21T21:35:41.887112" elapsed="0.277364"/>
</kw>
<kw name="Click Element" owner="SeleniumLibrary">
<msg time="2025-10-21T21:35:42.165172" level="INFO">Clicking element 'xpath=//a[contains(text(),'Click Events')]'.</msg>
<arg>xpath=//a[contains(text(),'Click Events')]</arg>
<doc>Click the element identified by ``locator``.</doc>
<status status="PASS" start="2025-10-21T21:35:42.164870" elapsed="0.506163"/>
</kw>
<kw name="Sleep" owner="BuiltIn">
<msg time="2025-10-21T21:35:46.671823" level="INFO">Slept 4 seconds.</msg>
<arg>4s</arg>
<doc>Pauses the test executed for the given time.</doc>
<status status="PASS" start="2025-10-21T21:35:42.671370" elapsed="4.000644"/>
</kw>
<kw name="Scroll Element Into View" owner="SeleniumLibrary">
<arg>xpath=//button[normalize-space()='Cat']</arg>
<doc>Scrolls the element identified by ``locator`` into view.</doc>
<status status="PASS" start="2025-10-21T21:35:46.672523" elapsed="0.279707"/>
</kw>
<kw name="Click Element" owner="SeleniumLibrary">
<msg time="2025-10-21T21:35:46.952916" level="INFO">Clicking element 'xpath=//button[normalize-space()='Cat']'.</msg>
<arg>xpath=//button[normalize-space()='Cat']</arg>
<doc>Click the element identified by ``locator``.</doc>
<status status="PASS" start="2025-10-21T21:35:46.952627" elapsed="0.060736"/>
</kw>
<kw name="Sleep" owner="BuiltIn">
<msg time="2025-10-21T21:35:48.015765" level="INFO">Slept 1 second.</msg>
<arg>1s</arg>
<doc>Pauses the test executed for the given time.</doc>
<status status="PASS" start="2025-10-21T21:35:47.013865" elapsed="1.002199"/>
</kw>
<kw name="Wait Until Page Contains Element" owner="SeleniumLibrary">
<arg>xpath=//h2[@id='demo' and text()='Meow!']</arg>
<arg>5s</arg>
<doc>Waits until the element ``locator`` appears on the current page.</doc>
<status status="PASS" start="2025-10-21T21:35:48.017284" elapsed="0.014880"/>
</kw>
<kw name="Log To Console" owner="BuiltIn">
<arg>✅ Cat button shows: Meow!</arg>
<doc>Logs the given message to the console.</doc>
<status status="PASS" start="2025-10-21T21:35:48.032552" elapsed="0.000297"/>
</kw>
<kw name="Scroll Element Into View" owner="SeleniumLibrary">
<arg>xpath=//button[normalize-space()='Dog']</arg>
<doc>Scrolls the element identified by ``locator`` into view.</doc>
<status status="PASS" start="2025-10-21T21:35:48.033101" elapsed="0.283334"/>
</kw>
<kw name="Click Element" owner="SeleniumLibrary">
<msg time="2025-10-21T21:35:48.317225" level="INFO">Clicking element 'xpath=//button[normalize-space()='Dog']'.</msg>
<arg>xpath=//button[normalize-space()='Dog']</arg>
<doc>Click the element identified by ``locator``.</doc>
<status status="PASS" start="2025-10-21T21:35:48.316916" elapsed="0.056710"/>
</kw>
<kw name="Sleep" owner="BuiltIn">
<msg time="2025-10-21T21:35:49.375188" level="INFO">Slept 1 second.</msg>
<arg>1s</arg>
<doc>Pauses the test executed for the given time.</doc>
<status status="PASS" start="2025-10-21T21:35:48.374171" elapsed="1.001189"/>
</kw>
<kw name="Wait Until Page Contains Element" owner="SeleniumLibrary">
<arg>xpath=//h2[@id='demo' and text()='Woof!']</arg>
<arg>5s</arg>
<doc>Waits until the element ``locator`` appears on the current page.</doc>
<status status="PASS" start="2025-10-21T21:35:49.375774" elapsed="0.015104"/>
</kw>
<kw name="Log To Console" owner="BuiltIn">
<arg>✅ Dog button shows: Woof!</arg>
<doc>Logs the given message to the console.</doc>
<status status="PASS" start="2025-10-21T21:35:49.391218" elapsed="0.000250"/>
</kw>
<kw name="Scroll Element Into View" owner="SeleniumLibrary">
<arg>xpath=//button[normalize-space()='Pig']</arg>
<doc>Scrolls the element identified by ``locator`` into view.</doc>
<status status="PASS" start="2025-10-21T21:35:49.391904" elapsed="0.276923"/>
</kw>
<kw name="Click Element" owner="SeleniumLibrary">
<msg time="2025-10-21T21:35:49.669562" level="INFO">Clicking element 'xpath=//button[normalize-space()='Pig']'.</msg>
<arg>xpath=//button[normalize-space()='Pig']</arg>
<doc>Click the element identified by ``locator``.</doc>
<status status="PASS" start="2025-10-21T21:35:49.669227" elapsed="0.088541"/>
</kw>
<kw name="Sleep" owner="BuiltIn">
<msg time="2025-10-21T21:35:50.758913" level="INFO">Slept 1 second.</msg>
<arg>1s</arg>
<doc>Pauses the test executed for the given time.</doc>
<status status="PASS" start="2025-10-21T21:35:49.758427" elapsed="1.000647"/>
</kw>
<kw name="Wait Until Page Contains Element" owner="SeleniumLibrary">
<arg>xpath=//h2[@id='demo' and text()='Oink!']</arg>
<arg>5s</arg>
<doc>Waits until the element ``locator`` appears on the current page.</doc>
<status status="PASS" start="2025-10-21T21:35:50.759479" elapsed="0.013883"/>
</kw>
<kw name="Log To Console" owner="BuiltIn">
<arg>✅ Pig button shows: Oink!</arg>
<doc>Logs the given message to the console.</doc>
<status status="PASS" start="2025-10-21T21:35:50.773733" elapsed="0.000253"/>
</kw>
<kw name="Scroll Element Into View" owner="SeleniumLibrary">
<arg>xpath=//button[normalize-space()='Cow']</arg>
<doc>Scrolls the element identified by ``locator`` into view.</doc>
<status status="PASS" start="2025-10-21T21:35:50.774193" elapsed="0.277721"/>
</kw>
<kw name="Click Element" owner="SeleniumLibrary">
<msg time="2025-10-21T21:35:51.052595" level="INFO">Clicking element 'xpath=//button[normalize-space()='Cow']'.</msg>
<arg>xpath=//button[normalize-space()='Cow']</arg>
<doc>Click the element identified by ``locator``.</doc>
<status status="PASS" start="2025-10-21T21:35:51.052310" elapsed="0.052713"/>
</kw>
<kw name="Sleep" owner="BuiltIn">
<msg time="2025-10-21T21:35:52.106419" level="INFO">Slept 1 second.</msg>
<arg>1s</arg>
<doc>Pauses the test executed for the given time.</doc>
<status status="PASS" start="2025-10-21T21:35:51.105393" elapsed="1.001285"/>
</kw>
<kw name="Wait Until Page Contains Element" owner="SeleniumLibrary">
<arg>xpath=//h2[@id='demo' and text()='Moo!']</arg>
<arg>5s</arg>
<doc>Waits until the element ``locator`` appears on the current page.</doc>
<status status="PASS" start="2025-10-21T21:35:52.107370" elapsed="0.013903"/>
</kw>
<kw name="Log To Console" owner="BuiltIn">
<arg>✅ Cow button shows: Moo!</arg>
<doc>Logs the given message to the console.</doc>
<status status="PASS" start="2025-10-21T21:35:52.121619" elapsed="0.000259"/>
</kw>
<kw name="Capture Page Screenshot" owner="SeleniumLibrary">
<msg time="2025-10-21T21:35:52.233350" level="INFO" html="true">&lt;/td&gt;&lt;/tr&gt;&lt;tr&gt;&lt;td colspan="3"&gt;&lt;a href="selenium-screenshot-1.png"&gt;&lt;img src="selenium-screenshot-1.png" width="800px"&gt;&lt;/a&gt;</msg>
<doc>Takes a screenshot of the current page and embeds it into a log file.</doc>
<status status="PASS" start="2025-10-21T21:35:52.122143" elapsed="0.111360"/>
</kw>
<kw name="Close Browser" owner="SeleniumLibrary">
<doc>Closes the current browser.</doc>
<status status="PASS" start="2025-10-21T21:35:52.233964" elapsed="2.268952"/>
</kw>
<doc>Opens Click Events page, clicks each animal button, and verifies the displayed sound text.</doc>
<status status="PASS" start="2025-10-21T21:35:37.513689" elapsed="16.989982"/>
</test>
<status status="PASS" start="2025-10-21T21:35:37.509091" elapsed="16.995357"/>
</suite>
<suite id="s1-s3" name="Form Testing" source="C:\Users\user\PycharmProjects\Assignment2_testing_Eltore\Tests\Form_Testing.robot">
<test id="s1-s3-t1" name="Form Fields -&gt; Fill and Submit" line="9">
<kw name="Open Browser" owner="SeleniumLibrary">
<msg time="2025-10-21T21:35:54.510042" level="WARN">exexcutable_path is being deprecated. Please use service to configure the driver's executable_path as per documentation.</msg>
<msg time="2025-10-21T21:35:54.510425" level="INFO">Opening browser 'Chrome' to base url 'https://practice-automation.com/'.</msg>
<arg>${BASE URL}</arg>
<arg>Chrome</arg>
<arg>executable_path=${CHROMEDRIVER}</arg>
<doc>Opens a new browser instance to the optional ``url``.</doc>
<status status="PASS" start="2025-10-21T21:35:54.509671" elapsed="2.931002"/>
</kw>
<kw name="Maximize Browser Window" owner="SeleniumLibrary">
<doc>Maximizes current browser window.</doc>
<status status="PASS" start="2025-10-21T21:35:57.441216" elapsed="0.038217"/>
</kw>
<kw name="Click Link" owner="SeleniumLibrary">
<msg time="2025-10-21T21:35:57.480647" level="INFO">Clicking link 'xpath=//a[contains(text(),'Form Fields')]'.</msg>
<arg>xpath=//a[contains(text(),'Form Fields')]</arg>
<doc>Clicks a link identified by ``locator``.</doc>
<status status="PASS" start="2025-10-21T21:35:57.480125" elapsed="0.468871"/>
</kw>
<kw name="Sleep" owner="BuiltIn">
<msg time="2025-10-21T21:35:59.950578" level="INFO">Slept 2 seconds.</msg>
<arg>2s</arg>
<doc>Pauses the test executed for the given time.</doc>
<status status="PASS" start="2025-10-21T21:35:57.949333" elapsed="2.001436"/>
</kw>
<kw name="Scroll Element Into View" owner="SeleniumLibrary">
<arg>id=name-input</arg>
<doc>Scrolls the element identified by ``locator`` into view.</doc>
<status status="PASS" start="2025-10-21T21:35:59.951219" elapsed="0.282501"/>
</kw>
<kw name="Input Text" owner="SeleniumLibrary">
<msg time="2025-10-21T21:36:00.234517" level="INFO">Typing text 'James Watson' into text field 'id=name-input'.</msg>
<arg>id=name-input</arg>
<arg>James Watson</arg>
<doc>Types the given ``text`` into the text field identified by ``locator``.</doc>
<status status="PASS" start="2025-10-21T21:36:00.234135" elapsed="0.110899"/>
</kw>
<kw name="Sleep" owner="BuiltIn">
<msg time="2025-10-21T21:36:01.346285" level="INFO">Slept 1 second.</msg>
<arg>1s</arg>
<doc>Pauses the test executed for the given time.</doc>
<status status="PASS" start="2025-10-21T21:36:00.345408" elapsed="1.001133"/>
</kw>
<kw name="Scroll Element Into View" owner="SeleniumLibrary">
<arg>xpath=//input[@type='password']</arg>
<doc>Scrolls the element identified by ``locator`` into view.</doc>
<status status="PASS" start="2025-10-21T21:36:01.347200" elapsed="0.282472"/>
</kw>
<kw name="Input Text" owner="SeleniumLibrary">
<msg time="2025-10-21T21:36:01.630394" level="INFO">Typing text 'TestPass123' into text field 'xpath=//input[@type='password']'.</msg>
<arg>xpath=//input[@type='password']</arg>
<arg>TestPass123</arg>
<doc>Types the given ``text`` into the text field identified by ``locator``.</doc>
<status status="PASS" start="2025-10-21T21:36:01.630087" elapsed="0.090502"/>
</kw>
<kw name="Sleep" owner="BuiltIn">
<msg time="2025-10-21T21:36:02.721999" level="INFO">Slept 1 second.</msg>
<arg>1s</arg>
<doc>Pauses the test executed for the given time.</doc>
<status status="PASS" start="2025-10-21T21:36:01.721329" elapsed="1.001010"/>
</kw>
<kw name="Scroll Element Into View" owner="SeleniumLibrary">
<arg>id=drink3</arg>
<doc>Scrolls the element identified by ``locator`` into view.</doc>
<status status="PASS" start="2025-10-21T21:36:02.723167" elapsed="0.275772"/>
</kw>
<kw name="Click Element" owner="SeleniumLibrary">
<msg time="2025-10-21T21:36:02.999517" level="INFO">Clicking element 'id=drink1'.</msg>
<arg>id=drink1</arg>
<doc>Click the element identified by ``locator``.</doc>
<status status="PASS" start="2025-10-21T21:36:02.999281" elapsed="0.068374"/>
</kw>
<kw name="Sleep" owner="BuiltIn">
<msg time="2025-10-21T21:36:04.068864" level="INFO">Slept 1 second.</msg>
<arg>1s</arg>
<doc>Pauses the test executed for the given time.</doc>
<status status="PASS" start="2025-10-21T21:36:03.068144" elapsed="1.000883"/>
</kw>
<kw name="Click Element" owner="SeleniumLibrary">
<msg time="2025-10-21T21:36:04.069770" level="INFO">Clicking element 'id=drink3'.</msg>
<arg>id=drink3</arg>
<doc>Click the element identified by ``locator``.</doc>
<status status="PASS" start="2025-10-21T21:36:04.069462" elapsed="0.058195"/>
</kw>
<kw name="Sleep" owner="BuiltIn">
<msg time="2025-10-21T21:36:05.129254" level="INFO">Slept 1 second.</msg>
<arg>1s</arg>
<doc>Pauses the test executed for the given time.</doc>
<status status="PASS" start="2025-10-21T21:36:04.128288" elapsed="1.001131"/>
</kw>
<kw name="Scroll Element Into View" owner="SeleniumLibrary">
<arg>id=color2</arg>
<doc>Scrolls the element identified by ``locator`` into view.</doc>
<status status="PASS" start="2025-10-21T21:36:05.129827" elapsed="0.275142"/>
</kw>
<kw name="Execute Javascript" owner="SeleniumLibrary">
<msg time="2025-10-21T21:36:05.405910" level="INFO">Executing JavaScript:
document.getElementById("color2").click()
Without any arguments.</msg>
<arg>document.getElementById("color2").click()</arg>
<doc>Executes the given JavaScript code with possible arguments.</doc>
<status status="PASS" start="2025-10-21T21:36:05.405364" elapsed="0.009574"/>
</kw>
<kw name="Sleep" owner="BuiltIn">
<msg time="2025-10-21T21:36:06.415684" level="INFO">Slept 1 second.</msg>
<arg>1s</arg>
<doc>Pauses the test executed for the given time.</doc>
<status status="PASS" start="2025-10-21T21:36:05.415373" elapsed="1.000470"/>
</kw>
<kw name="Scroll Element Into View" owner="SeleniumLibrary">
<arg>id=automation</arg>
<doc>Scrolls the element identified by ``locator`` into view.</doc>
<status status="PASS" start="2025-10-21T21:36:06.416244" elapsed="0.287204"/>
</kw>
<kw name="Select From List By Value" owner="SeleniumLibrary">
<msg time="2025-10-21T21:36:06.704112" level="INFO">Selecting options from selection list 'id=automation' by value yes.</msg>
<arg>id=automation</arg>
<arg>yes</arg>
<doc>Selects options from selection list ``locator`` by ``values``.</doc>
<status status="PASS" start="2025-10-21T21:36:06.703834" elapsed="0.097637"/>
</kw>
<kw name="Sleep" owner="BuiltIn">
<msg time="2025-10-21T21:36:07.802226" level="INFO">Slept 1 second.</msg>
<arg>1s</arg>
<doc>Pauses the test executed for the given time.</doc>
<status status="PASS" start="2025-10-21T21:36:06.801892" elapsed="1.000506"/>
</kw>
<kw name="Scroll Element Into View" owner="SeleniumLibrary">
<arg>id=email</arg>
<doc>Scrolls the element identified by ``locator`` into view.</doc>
<status status="PASS" start="2025-10-21T21:36:07.802868" elapsed="0.283680"/>
</kw>
<kw name="Input Text" owner="SeleniumLibrary">
<msg time="2025-10-21T21:36:08.087286" level="INFO">Typing text 'james.watson@example.com' into text field 'id=email'.</msg>
<arg>id=email</arg>
<arg>james.watson@example.com</arg>
<doc>Types the given ``text`` into the text field identified by ``locator``.</doc>
<status status="PASS" start="2025-10-21T21:36:08.086985" elapsed="0.100876"/>
</kw>
<kw name="Sleep" owner="BuiltIn">
<msg time="2025-10-21T21:36:09.188898" level="INFO">Slept 1 second.</msg>
<arg>1s</arg>
<doc>Pauses the test executed for the given time.</doc>
<status status="PASS" start="2025-10-21T21:36:08.188191" elapsed="1.000857"/>
</kw>
<kw name="Scroll Element Into View" owner="SeleniumLibrary">
<arg>id=message</arg>
<doc>Scrolls the element identified by ``locator`` into view.</doc>
<status status="PASS" start="2025-10-21T21:36:09.189527" elapsed="0.280306"/>
</kw>
<kw name="Input Text" owner="SeleniumLibrary">
<msg time="2025-10-21T21:36:09.470632" level="INFO">Typing text 'This is a test message for automation practice.' into text field 'id=message'.</msg>
<arg>id=message</arg>
<arg>This is a test message for automation practice.</arg>
<doc>Types the given ``text`` into the text field identified by ``locator``.</doc>
<status status="PASS" start="2025-10-21T21:36:09.470332" elapsed="0.117855"/>
</kw>
<kw name="Sleep" owner="BuiltIn">
<msg time="2025-10-21T21:36:10.589167" level="INFO">Slept 1 second.</msg>
<arg>1s</arg>
<doc>Pauses the test executed for the given time.</doc>
<status status="PASS" start="2025-10-21T21:36:09.588528" elapsed="1.000795"/>
</kw>
<kw name="Scroll Element Into View" owner="SeleniumLibrary">
<arg>id=submit-btn</arg>
<doc>Scrolls the element identified by ``locator`` into view.</doc>
<status status="PASS" start="2025-10-21T21:36:10.589783" elapsed="0.279495"/>
</kw>
<kw name="Click Element" owner="SeleniumLibrary">
<msg time="2025-10-21T21:36:10.870046" level="INFO">Clicking element 'id=submit-btn'.</msg>
<arg>id=submit-btn</arg>
<doc>Click the element identified by ``locator``.</doc>
<status status="PASS" start="2025-10-21T21:36:10.869748" elapsed="0.080062"/>
</kw>
<kw name="Sleep" owner="BuiltIn">
<msg time="2025-10-21T21:36:11.950793" level="INFO">Slept 1 second.</msg>
<arg>1s</arg>
<doc>Pauses the test executed for the given time.</doc>
<status status="PASS" start="2025-10-21T21:36:10.950272" elapsed="1.000681"/>
</kw>
<kw name="Close Browser" owner="SeleniumLibrary">
<doc>Closes the current browser.</doc>
<status status="PASS" start="2025-10-21T21:36:11.951332" elapsed="2.346987"/>
</kw>
<doc>Opens the form fields page, fills out the form with example data, and submits it.</doc>
<status status="PASS" start="2025-10-21T21:35:54.509010" elapsed="19.789736"/>
</test>
<status status="PASS" start="2025-10-21T21:35:54.505304" elapsed="19.794130"/>
</suite>
<suite id="s1-s4" name="Slider Testing" source="C:\Users\user\PycharmProjects\Assignment2_testing_Eltore\Tests\Slider_Testing.robot">
<test id="s1-s4-t1" name="Slider -&gt; Move to 100 and Back to 0" line="9">
<kw name="Open Browser" owner="SeleniumLibrary">
<msg time="2025-10-21T21:36:14.304981" level="WARN">exexcutable_path is being deprecated. Please use service to configure the driver's executable_path as per documentation.</msg>
<msg time="2025-10-21T21:36:14.305562" level="INFO">Opening browser 'Chrome' to base url 'https://practice-automation.com/'.</msg>
<arg>${BASE URL}</arg>
<arg>Chrome</arg>
<arg>executable_path=${CHROMEDRIVER}</arg>
<doc>Opens a new browser instance to the optional ``url``.</doc>
<status status="PASS" start="2025-10-21T21:36:14.304620" elapsed="3.020366"/>
</kw>
<kw name="Maximize Browser Window" owner="SeleniumLibrary">
<doc>Maximizes current browser window.</doc>
<status status="PASS" start="2025-10-21T21:36:17.325364" elapsed="0.038069"/>
</kw>
<kw name="Sleep" owner="BuiltIn">
<msg time="2025-10-21T21:36:18.364547" level="INFO">Slept 1 second.</msg>
<arg>1s</arg>
<doc>Pauses the test executed for the given time.</doc>
<status status="PASS" start="2025-10-21T21:36:17.364083" elapsed="1.000723"/>
</kw>
<kw name="Wait Until Element Is Visible" owner="SeleniumLibrary">
<arg>xpath=//a[contains(text(),'Sliders')]</arg>
<arg>10s</arg>
<doc>Waits until the element ``locator`` is visible.</doc>
<status status="PASS" start="2025-10-21T21:36:18.365212" elapsed="0.036995"/>
</kw>
<kw name="Scroll Element Into View" owner="SeleniumLibrary">
<arg>xpath=//a[contains(text(),'Sliders')]</arg>
<doc>Scrolls the element identified by ``locator`` into view.</doc>
<status status="PASS" start="2025-10-21T21:36:18.402562" elapsed="0.285005"/>
</kw>
<kw name="Click Element" owner="SeleniumLibrary">
<msg time="2025-10-21T21:36:18.688257" level="INFO">Clicking element 'xpath=//a[contains(text(),'Sliders')]'.</msg>
<arg>xpath=//a[contains(text(),'Sliders')]</arg>
<doc>Click the element identified by ``locator``.</doc>
<status status="PASS" start="2025-10-21T21:36:18.687970" elapsed="0.423493"/>
</kw>
<kw name="Sleep" owner="BuiltIn">
<msg time="2025-10-21T21:36:21.112202" level="INFO">Slept 2 seconds.</msg>
<arg>2s</arg>
<doc>Pauses the test executed for the given time.</doc>
<status status="PASS" start="2025-10-21T21:36:19.111823" elapsed="2.000625"/>
</kw>
<kw name="Wait Until Element Is Visible" owner="SeleniumLibrary">
<arg>id=slideMe</arg>
<arg>10s</arg>
<doc>Waits until the element ``locator`` is visible.</doc>
<status status="PASS" start="2025-10-21T21:36:21.113015" elapsed="0.024248"/>
</kw>
<kw name="Execute Javascript" owner="SeleniumLibrary">
<msg time="2025-10-21T21:36:21.138036" level="INFO">Executing JavaScript:
document.getElementById('slideMe').value = 100; document.getElementById('value').innerText = 100;
Without any arguments.</msg>
<arg>document.getElementById('slideMe').value = 100; document.getElementById('value').innerText = 100;</arg>
<doc>Executes the given JavaScript code with possible arguments.</doc>
<status status="PASS" start="2025-10-21T21:36:21.137600" elapsed="0.007210"/>
</kw>
<kw name="Get Element Attribute" owner="SeleniumLibrary">
<msg time="2025-10-21T21:36:21.162348" level="INFO">${val100} = 100</msg>
<var>${val100}</var>
<arg>id=slideMe</arg>
<arg>value</arg>
<doc>Returns the value of ``attribute`` from the element ``locator``.</doc>
<status status="PASS" start="2025-10-21T21:36:21.145538" elapsed="0.016868"/>
</kw>
<kw name="Should Be Equal As Strings" owner="BuiltIn">
<arg>${val100}</arg>
<arg>100</arg>
<doc>Fails if objects are unequal after converting them to strings.</doc>
<status status="PASS" start="2025-10-21T21:36:21.162780" elapsed="0.000344"/>
</kw>
<kw name="Log To Console" owner="BuiltIn">
<arg>✅ Slider moved to 100 successfully.</arg>
<doc>Logs the given message to the console.</doc>
<status status="PASS" start="2025-10-21T21:36:21.163469" elapsed="0.000253"/>
</kw>
<kw name="Sleep" owner="BuiltIn">
<msg time="2025-10-21T21:36:24.164435" level="INFO">Slept 3 seconds.</msg>
<arg>3s</arg>
<doc>Pauses the test executed for the given time.</doc>
<status status="PASS" start="2025-10-21T21:36:21.163960" elapsed="3.000639"/>
</kw>
<kw name="Execute Javascript" owner="SeleniumLibrary">
<msg time="2025-10-21T21:36:24.166174" level="INFO">Executing JavaScript:
document.getElementById('slideMe').value = 0; document.getElementById('value').innerText = 0;
Without any arguments.</msg>
<arg>document.getElementById('slideMe').value = 0; document.getElementById('value').innerText = 0;</arg>
<doc>Executes the given JavaScript code with possible arguments.</doc>
<status status="PASS" start="2025-10-21T21:36:24.165002" elapsed="0.010180"/>
</kw>
<kw name="Get Element Attribute" owner="SeleniumLibrary">
<msg time="2025-10-21T21:36:24.201467" level="INFO">${val0} = 0</msg>
<var>${val0}</var>
<arg>id=slideMe</arg>
<arg>value</arg>
<doc>Returns the value of ``attribute`` from the element ``locator``.</doc>
<status status="PASS" start="2025-10-21T21:36:24.175880" elapsed="0.025696"/>
</kw>
<kw name="Should Be Equal As Strings" owner="BuiltIn">
<arg>${val0}</arg>
<arg>0</arg>
<doc>Fails if objects are unequal after converting them to strings.</doc>
<status status="PASS" start="2025-10-21T21:36:24.202197" elapsed="0.000512"/>
</kw>
<kw name="Log To Console" owner="BuiltIn">
<arg>✅ Slider moved to 0 successfully.</arg>
<doc>Logs the given message to the console.</doc>
<status status="PASS" start="2025-10-21T21:36:24.203223" elapsed="0.000462"/>
</kw>
<kw name="Sleep" owner="BuiltIn">
<msg time="2025-10-21T21:36:26.205329" level="INFO">Slept 2 seconds.</msg>
<arg>2s</arg>
<doc>Pauses the test executed for the given time.</doc>
<status status="PASS" start="2025-10-21T21:36:24.204250" elapsed="2.001221"/>
</kw>
<kw name="Capture Page Screenshot" owner="SeleniumLibrary">
<msg time="2025-10-21T21:36:26.339149" level="INFO" html="true">&lt;/td&gt;&lt;/tr&gt;&lt;tr&gt;&lt;td colspan="3"&gt;&lt;a href="selenium-screenshot-2.png"&gt;&lt;img src="selenium-screenshot-2.png" width="800px"&gt;&lt;/a&gt;</msg>
<doc>Takes a screenshot of the current page and embeds it into a log file.</doc>
<status status="PASS" start="2025-10-21T21:36:26.205998" elapsed="0.133358"/>
</kw>
<kw name="Close Browser" owner="SeleniumLibrary">
<doc>Closes the current browser.</doc>
<status status="PASS" start="2025-10-21T21:36:26.340361" elapsed="2.181159"/>
</kw>
<status status="PASS" start="2025-10-21T21:36:14.304015" elapsed="14.217926"/>
</test>
<status status="PASS" start="2025-10-21T21:36:14.300274" elapsed="14.222307"/>
</suite>
<status status="PASS" start="2025-10-21T21:35:20.330472" elapsed="68.193160"/>
</suite>
<statistics>
<total>
<stat pass="4" fail="0" skip="0">All Tests</stat>
</total>
<tag>
</tag>
<suite>
<stat name="Tests" id="s1" pass="4" fail="0" skip="0">Tests</stat>
<stat name="Ads Testing" id="s1-s1" pass="1" fail="0" skip="0">Tests.Ads Testing</stat>
<stat name="Click Testing" id="s1-s2" pass="1" fail="0" skip="0">Tests.Click Testing</stat>
<stat name="Form Testing" id="s1-s3" pass="1" fail="0" skip="0">Tests.Form Testing</stat>
<stat name="Slider Testing" id="s1-s4" pass="1" fail="0" skip="0">Tests.Slider Testing</stat>
</suite>
</statistics>
<errors>
<msg time="2025-10-21T21:35:20.646078" level="WARN">exexcutable_path is being deprecated. Please use service to configure the driver's executable_path as per documentation.</msg>
<msg time="2025-10-21T21:35:37.515210" level="WARN">exexcutable_path is being deprecated. Please use service to configure the driver's executable_path as per documentation.</msg>
<msg time="2025-10-21T21:35:54.510042" level="WARN">exexcutable_path is being deprecated. Please use service to configure the driver's executable_path as per documentation.</msg>
<msg time="2025-10-21T21:36:14.304981" level="WARN">exexcutable_path is being deprecated. Please use service to configure the driver's executable_path as per documentation.</msg>
</errors>
</robot>
